2018-01-22 12:10:10,670 [main] INFO  org.mule.module.launcher.application.DefaultMuleApplication - 
++++++++++++++++++++++++++++++++++++++++++++++++++++++++++++
+ Initializing app 'jms-m'                                 +
++++++++++++++++++++++++++++++++++++++++++++++++++++++++++++
2018-01-22 12:10:10,816 [main] INFO  org.mule.lifecycle.AbstractLifecycleManager - Initialising RegistryBroker
2018-01-22 12:10:10,905 [main] INFO  org.mule.module.extension.internal.manager.DefaultExtensionManager - Starting discovery of extensions
2018-01-22 12:10:10,989 [main] INFO  org.mule.module.extension.internal.manager.DefaultExtensionManager - Discovered 1 extensions
2018-01-22 12:10:10,989 [main] INFO  org.mule.module.extension.internal.manager.DefaultExtensionManager - Registering extension validation (version 3.8)
2018-01-22 12:10:11,032 [main] INFO  org.mule.config.spring.MuleArtifactContext - Refreshing org.mule.config.spring.MuleArtifactContext@5dda6f9: startup date [Mon Jan 22 12:10:11 IST 2018]; root of context hierarchy
2018-01-22 12:10:12,114 [main] INFO  org.mule.config.spring.processors.NoDevkitInjectorProcessor - JSR-330 'javax.inject.Inject' annotation found and supported for autowiring
2018-01-22 12:10:12,751 [main] WARN  org.mule.module.ognl.expression.OgnlExpressionEvaluator - OGNL module is deprecated and will be removed in Mule 4.0. Use MEL expressions instead.
2018-01-22 12:10:13,322 [main] INFO  org.mule.util.journal.TransactionJournal - Using files for tx logs C:\Users\EAI\AnypointStudio\workspace\.mule\.\.mule\jms-m\queue-tx-log\tx1.log and C:\Users\EAI\AnypointStudio\workspace\.mule\.\.mule\jms-m\queue-tx-log\tx2.log
2018-01-22 12:10:13,354 [main] INFO  org.mule.util.journal.TransactionJournal - Using files for tx logs C:\Users\EAI\AnypointStudio\workspace\.mule\.\.mule\jms-m\queue-xa-tx-log\tx1.log and C:\Users\EAI\AnypointStudio\workspace\.mule\.\.mule\jms-m\queue-xa-tx-log\tx2.log
2018-01-22 12:10:13,362 [main] INFO  org.mule.lifecycle.AbstractLifecycleManager - Initialising connector: Active_MQ
2018-01-22 12:10:13,470 [main] INFO  org.mule.lifecycle.AbstractLifecycleManager - Initialising model: _muleSystemModel
2018-01-22 12:10:13,473 [main] INFO  org.mule.construct.FlowConstructLifecycleManager - Initialising flow: jms-mFlow
2018-01-22 12:10:13,474 [main] INFO  org.mule.exception.DefaultMessagingExceptionStrategy - Initialising exception listener: org.mule.exception.DefaultMessagingExceptionStrategy@5dc769f9
2018-01-22 12:10:13,495 [main] INFO  org.mule.processor.SedaStageLifecycleManager - Initialising service: jms-mFlow.stage1
2018-01-22 12:10:13,721 [main] INFO  org.mule.config.spring.SpringXmlConfigurationBuilder - Configured Mule using "org.mule.config.spring.SpringXmlConfigurationBuilder" with configuration resource(s): "[ConfigResource{resourceName='C:\Users\EAI\AnypointStudio\workspace\.mule\apps\jms-m\jms-m.xml'}]"
2018-01-22 12:10:13,722 [main] INFO  org.mule.config.builders.AutoConfigurationBuilder - Configured Mule using "org.mule.config.builders.AutoConfigurationBuilder" with configuration resource(s): "[ConfigResource{resourceName='C:\Users\EAI\AnypointStudio\workspace\.mule\apps\jms-m\jms-m.xml'}]"
2018-01-22 12:10:16,755 [main] INFO  org.mule.module.launcher.application.DefaultMuleApplication - 
++++++++++++++++++++++++++++++++++++++++++++++++++++++++++++
+ Starting app 'jms-m'                                     +
++++++++++++++++++++++++++++++++++++++++++++++++++++++++++++
2018-01-22 12:10:16,760 [main] INFO  org.mule.util.queue.QueueXaResourceManager - Starting ResourceManager
2018-01-22 12:10:16,760 [main] INFO  org.mule.util.queue.QueueXaResourceManager - Started ResourceManager
2018-01-22 12:10:16,845 [main] INFO  org.mule.module.http.internal.listener.DefaultHttpListenerConfig - Listening for requests on http://0.0.0.0:8081
2018-01-22 12:10:17,124 [main] INFO  org.mule.transport.jms.activemq.ActiveMQJmsConnector - Connected: ActiveMQJmsConnector
{
  name=Active_MQ
  lifecycle=initialise
  this=7af52ec7
  numberOfConcurrentTransactedReceivers=4
  createMultipleTransactedReceivers=true
  connected=true
  supportedProtocols=[jms]
  serviceOverrides=<none>
}

2018-01-22 12:10:17,124 [main] INFO  org.mule.transport.jms.activemq.ActiveMQJmsConnector - Starting: ActiveMQJmsConnector
{
  name=Active_MQ
  lifecycle=initialise
  this=7af52ec7
  numberOfConcurrentTransactedReceivers=4
  createMultipleTransactedReceivers=true
  connected=true
  supportedProtocols=[jms]
  serviceOverrides=<none>
}

2018-01-22 12:10:17,125 [main] INFO  org.mule.lifecycle.AbstractLifecycleManager - Starting connector: Active_MQ
2018-01-22 12:10:17,129 [main] INFO  org.mule.modules.oauth2.provider.agents.DefaultSplashScreenAgent - 
++++++++++++++++++++++++++++++++++++++++++++++++++++++++++++++++++++++++++++++++
+ DevKit Extensions (0) used in this application 
                             +
++++++++++++++++++++++++++++++++++++++++++++++++++++++++++++++++++++++++++++++++
2018-01-22 12:10:17,129 [main] INFO  org.mule.lifecycle.AbstractLifecycleManager - Starting model: _muleSystemModel
2018-01-22 12:10:17,130 [main] INFO  org.mule.construct.FlowConstructLifecycleManager - Starting flow: jms-mFlow
2018-01-22 12:10:17,131 [main] INFO  org.mule.processor.SedaStageLifecycleManager - Starting service: jms-mFlow.stage1
2018-01-22 12:10:17,162 [main] INFO  org.mule.module.management.agent.WrapperManagerAgent - This JVM hasn't been launched by the wrapper, the agent will not run.
2018-01-22 12:10:17,177 [main] INFO  org.mule.module.management.agent.AbstractJmxAgent - Registered Connector Service with name Mule.jms-m:type=Connector,name="Active_MQ"
2018-01-22 12:10:17,180 [main] INFO  org.mule.DefaultMuleContext - 
**********************************************************************
* Application: jms-m                                                 *
* OS encoding: \, Mule encoding: UTF-8                               *
*                                                                    *
* Agents Running:                                                    *
*   JMX Agent                                                        *
*   Batch module default engine                                      *
*   DevKit Extension Information                                     *
*   Wrapper Manager                                                  *
**********************************************************************
2018-01-22 15:05:45,655 [ActiveMQ Connection Executor: tcp://localhost/127.0.0.1:61616] ERROR org.mule.exception.DefaultSystemExceptionStrategy - 
********************************************************************************
Message               : Connection reset (javax.jms.JMSException)
JMS Code              : null
Element               : /Active_MQ @ app:jms-m.xml:11 (Active MQ)
--------------------------------------------------------------------------------
Root Exception stack trace:
java.net.SocketException: Connection reset
	at java.net.SocketInputStream.read(SocketInputStream.java:209)
	at java.net.SocketInputStream.read(SocketInputStream.java:141)
	at org.apache.activemq.transport.tcp.TcpBufferedInputStream.fill(TcpBufferedInputStream.java:50)
	at org.apache.activemq.transport.tcp.TcpTransport$2.fill(TcpTransport.java:602)
	at org.apache.activemq.transport.tcp.TcpBufferedInputStream.read(TcpBufferedInputStream.java:58)
	at org.apache.activemq.transport.tcp.TcpTransport$2.read(TcpTransport.java:587)
	at java.io.DataInputStream.readInt(DataInputStream.java:387)
	at org.apache.activemq.openwire.OpenWireFormat.unmarshal(OpenWireFormat.java:275)
	at org.apache.activemq.transport.tcp.TcpTransport.readCommand(TcpTransport.java:229)
	at org.apache.activemq.transport.tcp.TcpTransport.doRun(TcpTransport.java:221)
	at org.apache.activemq.transport.tcp.TcpTransport.run(TcpTransport.java:204)
	at java.lang.Thread.run(Thread.java:745)

********************************************************************************

2018-01-22 15:05:45,667 [ActiveMQ Connection Executor: tcp://localhost/127.0.0.1:61616] INFO  org.mule.exception.DefaultSystemExceptionStrategy - Exception caught is a ConnectException, attempting to reconnect...
2018-01-22 15:05:45,668 [ActiveMQ Connection Executor: tcp://localhost/127.0.0.1:61616] INFO  org.mule.lifecycle.AbstractLifecycleManager - Stopping connector: Active_MQ
2018-01-22 15:05:45,696 [ActiveMQ Connection Executor: tcp://localhost/127.0.0.1:61616] WARN  org.mule.transport.jms.activemq.ActiveMQJmsConnector - Exception cleaning up JMS connection: null
2018-01-22 15:05:45,701 [ActiveMQ Connection Executor: tcp://localhost/127.0.0.1:61616] WARN  org.mule.transport.jms.activemq.ActiveMQJmsConnector - Exception closing JMS connection: Connection reset
2018-01-22 15:05:45,702 [ActiveMQ Connection Executor: tcp://localhost/127.0.0.1:61616] INFO  org.mule.transport.jms.activemq.ActiveMQJmsConnector - Disconnected: ActiveMQJmsConnector
{
  name=Active_MQ
  lifecycle=stop
  this=7af52ec7
  numberOfConcurrentTransactedReceivers=4
  createMultipleTransactedReceivers=true
  connected=true
  supportedProtocols=[jms]
  serviceOverrides=<none>
}

2018-01-22 15:05:46,716 [[jms-m].Mule.02] ERROR org.mule.retry.notifiers.ConnectNotifier - Failed to connect/reconnect: ActiveMQJmsConnector
{
  name=Active_MQ
  lifecycle=stop
  this=7af52ec7
  numberOfConcurrentTransactedReceivers=4
  createMultipleTransactedReceivers=true
  connected=false
  supportedProtocols=[jms]
  serviceOverrides=<none>
}
. Root Exception was: Connection refused: connect. Type: class java.net.ConnectException
2018-01-22 15:05:46,719 [[jms-m].Mule.02] ERROR org.mule.exception.DefaultSystemExceptionStrategy - Could not connect to broker URL: tcp://localhost:61616. Reason: java.net.ConnectException: Connection refused: connect
