2018-01-23 16:46:14,655 [main] INFO  org.mule.module.launcher.application.DefaultMuleApplication - 
++++++++++++++++++++++++++++++++++++++++++++++++++++++++++++
+ Initializing app 'maven_jms_database'                    +
++++++++++++++++++++++++++++++++++++++++++++++++++++++++++++
2018-01-23 16:46:14,827 [main] INFO  org.mule.lifecycle.AbstractLifecycleManager - Initialising RegistryBroker
2018-01-23 16:46:14,906 [main] INFO  org.mule.module.extension.internal.manager.DefaultExtensionManager - Starting discovery of extensions
2018-01-23 16:46:15,038 [main] INFO  org.mule.module.extension.internal.manager.DefaultExtensionManager - Discovered 1 extensions
2018-01-23 16:46:15,038 [main] INFO  org.mule.module.extension.internal.manager.DefaultExtensionManager - Registering extension validation (version 3.8)
2018-01-23 16:46:15,105 [main] INFO  org.mule.config.spring.MuleArtifactContext - Refreshing org.mule.config.spring.MuleArtifactContext@3aa3193a: startup date [Tue Jan 23 16:46:15 IST 2018]; root of context hierarchy
2018-01-23 16:46:16,312 [main] INFO  org.mule.config.spring.processors.NoDevkitInjectorProcessor - JSR-330 'javax.inject.Inject' annotation found and supported for autowiring
2018-01-23 16:46:16,628 [main] WARN  org.mule.expression.DefaultExpressionManager - Expression string is not an expression.  Use isExpression(String) to validate first
2018-01-23 16:46:16,628 [main] WARN  org.mule.expression.DefaultExpressionManager - Expression string is not an expression.  Use isExpression(String) to validate first
2018-01-23 16:46:16,628 [main] WARN  org.mule.expression.DefaultExpressionManager - Expression string is not an expression.  Use isExpression(String) to validate first
2018-01-23 16:46:16,628 [main] WARN  org.mule.expression.DefaultExpressionManager - Expression string is not an expression.  Use isExpression(String) to validate first
2018-01-23 16:46:17,133 [main] WARN  org.mule.module.ognl.expression.OgnlExpressionEvaluator - OGNL module is deprecated and will be removed in Mule 4.0. Use MEL expressions instead.
2018-01-23 16:46:17,772 [main] INFO  org.mule.util.journal.TransactionJournal - Using files for tx logs C:\Users\EAI\AnypointStudio\workspace\.mule\.\.mule\maven_jms_database\queue-tx-log\tx1.log and C:\Users\EAI\AnypointStudio\workspace\.mule\.\.mule\maven_jms_database\queue-tx-log\tx2.log
2018-01-23 16:46:17,785 [main] INFO  org.mule.util.journal.TransactionJournal - Using files for tx logs C:\Users\EAI\AnypointStudio\workspace\.mule\.\.mule\maven_jms_database\queue-xa-tx-log\tx1.log and C:\Users\EAI\AnypointStudio\workspace\.mule\.\.mule\maven_jms_database\queue-xa-tx-log\tx2.log
2018-01-23 16:46:17,791 [main] INFO  org.mule.lifecycle.AbstractLifecycleManager - Initialising connector: Active_MQ
2018-01-23 16:46:17,863 [main] INFO  org.mule.lifecycle.AbstractLifecycleManager - Initialising connector: Active_MQ1
2018-01-23 16:46:17,875 [main] INFO  org.mule.lifecycle.AbstractLifecycleManager - Initialising connector: Active_MQ2
2018-01-23 16:46:17,963 [main] INFO  org.mule.lifecycle.AbstractLifecycleManager - Initialising model: _muleSystemModel
2018-01-23 16:46:17,967 [main] INFO  org.mule.construct.FlowConstructLifecycleManager - Initialising flow: maven_jms_databaseFlow
2018-01-23 16:46:17,967 [main] INFO  org.mule.exception.DefaultMessagingExceptionStrategy - Initialising exception listener: org.mule.exception.DefaultMessagingExceptionStrategy@3e377967
2018-01-23 16:46:18,010 [main] INFO  org.mule.processor.SedaStageLifecycleManager - Initialising service: maven_jms_databaseFlow.stage1
2018-01-23 16:46:18,019 [main] INFO  org.mule.construct.FlowConstructLifecycleManager - Initialising flow: maven_jms_databaseFlow1
2018-01-23 16:46:18,019 [main] INFO  org.mule.exception.DefaultMessagingExceptionStrategy - Initialising exception listener: org.mule.exception.DefaultMessagingExceptionStrategy@6b649efa
2018-01-23 16:46:18,027 [main] INFO  org.mule.processor.SedaStageLifecycleManager - Initialising service: maven_jms_databaseFlow1.stage1
2018-01-23 16:46:18,230 [main] INFO  org.mule.config.spring.SpringXmlConfigurationBuilder - Configured Mule using "org.mule.config.spring.SpringXmlConfigurationBuilder" with configuration resource(s): "[ConfigResource{resourceName='C:\Users\EAI\AnypointStudio\workspace\.mule\apps\maven_jms_database\maven_jms_database.xml'}]"
2018-01-23 16:46:18,231 [main] INFO  org.mule.config.builders.AutoConfigurationBuilder - Configured Mule using "org.mule.config.builders.AutoConfigurationBuilder" with configuration resource(s): "[ConfigResource{resourceName='C:\Users\EAI\AnypointStudio\workspace\.mule\apps\maven_jms_database\maven_jms_database.xml'}]"
2018-01-23 16:46:21,323 [main] INFO  org.mule.module.launcher.application.DefaultMuleApplication - 
++++++++++++++++++++++++++++++++++++++++++++++++++++++++++++
+ Starting app 'maven_jms_database'                        +
++++++++++++++++++++++++++++++++++++++++++++++++++++++++++++
2018-01-23 16:46:21,328 [main] INFO  org.mule.util.queue.QueueXaResourceManager - Starting ResourceManager
2018-01-23 16:46:21,328 [main] INFO  org.mule.util.queue.QueueXaResourceManager - Started ResourceManager
2018-01-23 16:46:21,415 [main] INFO  org.mule.module.http.internal.listener.DefaultHttpListenerConfig - Listening for requests on http://0.0.0.0:8081
2018-01-23 16:46:22,040 [main] INFO  org.mule.transport.jms.activemq.ActiveMQJmsConnector - Connected: ActiveMQJmsConnector
{
  name=Active_MQ
  lifecycle=initialise
  this=661fe025
  numberOfConcurrentTransactedReceivers=4
  createMultipleTransactedReceivers=true
  connected=true
  supportedProtocols=[jms]
  serviceOverrides=<none>
}

2018-01-23 16:46:22,041 [main] INFO  org.mule.transport.jms.activemq.ActiveMQJmsConnector - Starting: ActiveMQJmsConnector
{
  name=Active_MQ
  lifecycle=initialise
  this=661fe025
  numberOfConcurrentTransactedReceivers=4
  createMultipleTransactedReceivers=true
  connected=true
  supportedProtocols=[jms]
  serviceOverrides=<none>
}

2018-01-23 16:46:22,041 [main] INFO  org.mule.lifecycle.AbstractLifecycleManager - Starting connector: Active_MQ
2018-01-23 16:46:22,049 [main] INFO  org.mule.transport.jms.activemq.ActiveMQJmsConnector - Connected: ActiveMQJmsConnector
{
  name=Active_MQ1
  lifecycle=initialise
  this=3290b1a6
  numberOfConcurrentTransactedReceivers=4
  createMultipleTransactedReceivers=true
  connected=true
  supportedProtocols=[jms]
  serviceOverrides=<none>
}

2018-01-23 16:46:22,049 [main] INFO  org.mule.transport.jms.activemq.ActiveMQJmsConnector - Starting: ActiveMQJmsConnector
{
  name=Active_MQ1
  lifecycle=initialise
  this=3290b1a6
  numberOfConcurrentTransactedReceivers=4
  createMultipleTransactedReceivers=true
  connected=true
  supportedProtocols=[jms]
  serviceOverrides=<none>
}

2018-01-23 16:46:22,049 [main] INFO  org.mule.lifecycle.AbstractLifecycleManager - Starting connector: Active_MQ1
2018-01-23 16:46:22,059 [main] INFO  org.mule.transport.jms.activemq.ActiveMQJmsConnector - Connected: ActiveMQJmsConnector
{
  name=Active_MQ2
  lifecycle=initialise
  this=104dc1a2
  numberOfConcurrentTransactedReceivers=4
  createMultipleTransactedReceivers=true
  connected=true
  supportedProtocols=[jms]
  serviceOverrides=<none>
}

2018-01-23 16:46:22,059 [main] INFO  org.mule.transport.jms.activemq.ActiveMQJmsConnector - Starting: ActiveMQJmsConnector
{
  name=Active_MQ2
  lifecycle=initialise
  this=104dc1a2
  numberOfConcurrentTransactedReceivers=4
  createMultipleTransactedReceivers=true
  connected=true
  supportedProtocols=[jms]
  serviceOverrides=<none>
}

2018-01-23 16:46:22,059 [main] INFO  org.mule.lifecycle.AbstractLifecycleManager - Starting connector: Active_MQ2
2018-01-23 16:46:22,062 [main] INFO  org.mule.modules.oauth2.provider.agents.DefaultSplashScreenAgent - 
++++++++++++++++++++++++++++++++++++++++++++++++++++++++++++++++++++++++++++++++
+ DevKit Extensions (0) used in this application 
                             +
++++++++++++++++++++++++++++++++++++++++++++++++++++++++++++++++++++++++++++++++
2018-01-23 16:46:22,063 [main] INFO  org.mule.lifecycle.AbstractLifecycleManager - Starting model: _muleSystemModel
2018-01-23 16:46:22,065 [main] INFO  org.mule.construct.FlowConstructLifecycleManager - Starting flow: maven_jms_databaseFlow
2018-01-23 16:46:22,066 [main] INFO  org.mule.processor.SedaStageLifecycleManager - Starting service: maven_jms_databaseFlow.stage1
2018-01-23 16:46:22,072 [main] INFO  org.mule.transport.jms.activemq.ActiveMQJmsConnector - Registering listener: maven_jms_databaseFlow on endpointUri: jms://jojo_reply
2018-01-23 16:46:22,095 [main] INFO  org.mule.transport.service.DefaultTransportServiceDescriptor - Loading default inbound transformer: org.mule.transport.jms.transformers.JMSMessageToObject
2018-01-23 16:46:22,095 [main] INFO  org.mule.transport.service.DefaultTransportServiceDescriptor - Loading default response transformer: org.mule.transport.jms.transformers.ObjectToJMSMessage
2018-01-23 16:46:22,107 [main] INFO  org.mule.lifecycle.AbstractLifecycleManager - Initialising: 'null'. Object is: MultiConsumerJmsMessageReceiver
2018-01-23 16:46:22,108 [main] INFO  org.mule.transport.jms.MultiConsumerJmsMessageReceiver - Connecting clusterizable message receiver
2018-01-23 16:46:22,181 [main] INFO  org.mule.transport.jms.MultiConsumerJmsMessageReceiver - Endpoint jms://jojo_reply has been successfully reconnected.
2018-01-23 16:46:22,182 [main] INFO  org.mule.lifecycle.AbstractLifecycleManager - Starting: 'null'. Object is: MultiConsumerJmsMessageReceiver
2018-01-23 16:46:22,182 [main] INFO  org.mule.transport.jms.MultiConsumerJmsMessageReceiver - Starting clusterizable message receiver
2018-01-23 16:46:22,183 [main] INFO  org.mule.construct.FlowConstructLifecycleManager - Starting flow: maven_jms_databaseFlow1
2018-01-23 16:46:22,183 [main] INFO  org.mule.processor.SedaStageLifecycleManager - Starting service: maven_jms_databaseFlow1.stage1
2018-01-23 16:46:22,517 [main] INFO  org.mule.transport.jms.activemq.ActiveMQJmsConnector - Registering listener: maven_jms_databaseFlow1 on endpointUri: jms://jojo
2018-01-23 16:46:22,518 [main] INFO  org.mule.transport.service.DefaultTransportServiceDescriptor - Loading default inbound transformer: org.mule.transport.jms.transformers.JMSMessageToObject
2018-01-23 16:46:22,518 [main] INFO  org.mule.transport.service.DefaultTransportServiceDescriptor - Loading default response transformer: org.mule.transport.jms.transformers.ObjectToJMSMessage
2018-01-23 16:46:22,518 [main] INFO  org.mule.lifecycle.AbstractLifecycleManager - Initialising: 'null'. Object is: MultiConsumerJmsMessageReceiver
2018-01-23 16:46:22,518 [main] INFO  org.mule.transport.jms.MultiConsumerJmsMessageReceiver - Connecting clusterizable message receiver
2018-01-23 16:46:22,527 [main] INFO  org.mule.transport.jms.MultiConsumerJmsMessageReceiver - Endpoint jms://jojo has been successfully reconnected.
2018-01-23 16:46:22,527 [main] INFO  org.mule.lifecycle.AbstractLifecycleManager - Starting: 'null'. Object is: MultiConsumerJmsMessageReceiver
2018-01-23 16:46:22,527 [main] INFO  org.mule.transport.jms.MultiConsumerJmsMessageReceiver - Starting clusterizable message receiver
2018-01-23 16:46:22,533 [main] INFO  org.mule.module.management.agent.WrapperManagerAgent - This JVM hasn't been launched by the wrapper, the agent will not run.
2018-01-23 16:46:22,553 [main] INFO  org.mule.module.management.agent.AbstractJmxAgent - Attempting to register service with name: Mule.maven_jms_database:type=Endpoint,service="maven_jms_databaseFlow",connector=Active_MQ1,name="endpoint.jms.jojo.reply"
2018-01-23 16:46:22,553 [main] INFO  org.mule.module.management.agent.AbstractJmxAgent - Registered Endpoint Service with name: Mule.maven_jms_database:type=Endpoint,service="maven_jms_databaseFlow",connector=Active_MQ1,name="endpoint.jms.jojo.reply"
2018-01-23 16:46:22,553 [main] INFO  org.mule.module.management.agent.AbstractJmxAgent - Attempting to register service with name: Mule.maven_jms_database:type=Endpoint,service="maven_jms_databaseFlow1",connector=Active_MQ2,name="endpoint.jms.jojo"
2018-01-23 16:46:22,553 [main] INFO  org.mule.module.management.agent.AbstractJmxAgent - Registered Endpoint Service with name: Mule.maven_jms_database:type=Endpoint,service="maven_jms_databaseFlow1",connector=Active_MQ2,name="endpoint.jms.jojo"
2018-01-23 16:46:22,554 [main] INFO  org.mule.module.management.agent.AbstractJmxAgent - Registered Connector Service with name Mule.maven_jms_database:type=Connector,name="Active_MQ1"
2018-01-23 16:46:22,554 [main] INFO  org.mule.module.management.agent.AbstractJmxAgent - Registered Connector Service with name Mule.maven_jms_database:type=Connector,name="Active_MQ"
2018-01-23 16:46:22,554 [main] INFO  org.mule.module.management.agent.AbstractJmxAgent - Registered Connector Service with name Mule.maven_jms_database:type=Connector,name="Active_MQ2"
2018-01-23 16:46:22,557 [main] INFO  org.mule.DefaultMuleContext - 
**********************************************************************
* Application: maven_jms_database                                    *
* OS encoding: \, Mule encoding: UTF-8                               *
*                                                                    *
* Agents Running:                                                    *
*   JMX Agent                                                        *
*   Batch module default engine                                      *
*   DevKit Extension Information                                     *
*   Wrapper Manager                                                  *
**********************************************************************
2018-01-23 16:46:43,224 [[maven_jms_database].HTTP_Listener_Configuration.worker.01] INFO  org.mule.module.http.internal.listener.HttpListenerRegistry - No listener found for request: (POST)/postid
2018-01-23 16:46:43,225 [[maven_jms_database].HTTP_Listener_Configuration.worker.01] INFO  org.mule.module.http.internal.listener.HttpListenerRegistry - Available listeners are: [([post])/postId/]
2018-01-23 16:46:59,690 [[maven_jms_database].HTTP_Listener_Configuration.worker.01] INFO  org.mule.transport.service.DefaultTransportServiceDescriptor - Loading default outbound transformer: org.mule.transport.jms.transformers.ObjectToJMSMessage
2018-01-23 16:46:59,690 [[maven_jms_database].HTTP_Listener_Configuration.worker.01] INFO  org.mule.transport.service.DefaultTransportServiceDescriptor - Loading default response transformer: org.mule.transport.jms.transformers.ObjectToJMSMessage
2018-01-23 16:46:59,690 [[maven_jms_database].HTTP_Listener_Configuration.worker.01] WARN  com.mulesoft.mule.transport.jms.EeJmsMessageDispatcher - Starting patched JmsMessageReceiver
2018-01-23 16:46:59,691 [[maven_jms_database].HTTP_Listener_Configuration.worker.01] INFO  org.mule.lifecycle.AbstractLifecycleManager - Initialising: 'Active_MQ.dispatcher.1880471972'. Object is: EeJmsMessageDispatcher
2018-01-23 16:46:59,691 [[maven_jms_database].HTTP_Listener_Configuration.worker.01] INFO  org.mule.lifecycle.AbstractLifecycleManager - Starting: 'Active_MQ.dispatcher.1880471972'. Object is: EeJmsMessageDispatcher
2018-01-23 16:47:00,026 [[maven_jms_database].maven_jms_databaseFlow1.stage1.02] INFO  org.mule.transport.service.DefaultTransportServiceDescriptor - Loading default outbound transformer: org.mule.transport.jms.transformers.ObjectToJMSMessage
2018-01-23 16:47:00,071 [[maven_jms_database].maven_jms_databaseFlow1.stage1.02] ERROR org.mule.exception.DefaultMessagingExceptionStrategy - 
********************************************************************************
Message               : Invalid type passed to StreamMessage: CaseInsensitiveHashMap . Allowed types are: Boolean, Byte, Short, Character, Integer, Long, Float, Double,String and byte[] (javax.jms.MessageFormatException)
JMS Code              : null
Payload               : [{MONTHFROM=JANUARY, batch_Id=1, ENDDATE=JULY, MANAGERNAME=NAMAN}, {MONTHFROM=JANUARY, batch_Id=2, ENDDATE=MARCH, MANAGERNAME=SURAJ}]
Transformer           : ObjectToJMSMessage{this=5c7fdfef, name='ObjectToMessage#1551884271', ignoreBadInput=false, returnClass=SimpleDataType{type=javax.jms.Message, mimeType='*/*', encoding='null'}, sourceTypes=[]}
Payload Type          : java.util.LinkedList
Element               : null @ maven_jms_database:null:null
Element XML           : <db:select config-ref="MySQL_Configuration" doc:name="Database">
                        <db:parameterized-query>select * from orchard;</db:parameterized-query>
                        </db:select>
--------------------------------------------------------------------------------
Root Exception stack trace:
javax.jms.MessageFormatException: Invalid type passed to StreamMessage: CaseInsensitiveHashMap . Allowed types are: Boolean, Byte, Short, Character, Integer, Long, Float, Double,String and byte[]
	at org.mule.transport.jms.JmsMessageUtils.listToMessage(JmsMessageUtils.java:207)
	at org.mule.transport.jms.JmsMessageUtils.toMessage(JmsMessageUtils.java:128)
	at org.mule.transport.jms.transformers.AbstractJmsTransformer.transformToMessage(AbstractJmsTransformer.java:65)
	at org.mule.transport.jms.transformers.ObjectToJMSMessage.transformMessage(ObjectToJMSMessage.java:54)
	at org.mule.transformer.AbstractMessageTransformer.transform(AbstractMessageTransformer.java:141)
	at org.mule.transformer.AbstractMessageTransformer.transform(AbstractMessageTransformer.java:89)
	at org.mule.DefaultMuleMessage.transformMessage(DefaultMuleMessage.java:1641)
	at org.mule.DefaultMuleMessage.applyAllTransformers(DefaultMuleMessage.java:1544)
	at org.mule.DefaultMuleMessage.applyTransformers(DefaultMuleMessage.java:1518)
	at org.mule.DefaultMuleMessage.applyTransformers(DefaultMuleMessage.java:1501)
	at org.mule.transport.jms.JmsReplyToHandler.processReplyTo(JmsReplyToHandler.java:90)
	at org.mule.routing.requestreply.AbstractReplyToPropertyRequestReplyReplier.processReplyTo(AbstractReplyToPropertyRequestReplyReplier.java:67)
	at org.mule.routing.requestreply.AbstractReplyToPropertyRequestReplyReplier.process(AbstractReplyToPropertyRequestReplyReplier.java:43)
	at org.mule.execution.ExceptionToMessagingExceptionExecutionInterceptor.execute(ExceptionToMessagingExceptionExecutionInterceptor.java:27)
	at org.mule.execution.MessageProcessorNotificationExecutionInterceptor.execute(MessageProcessorNotificationExecutionInterceptor.java:108)
	at org.mule.execution.MessageProcessorExecutionTemplate.execute(MessageProcessorExecutionTemplate.java:44)
	at org.mule.processor.BlockingProcessorExecutor.executeNext(BlockingProcessorExecutor.java:98)
	at org.mule.processor.BlockingProcessorExecutor.execute(BlockingProcessorExecutor.java:59)
	at org.mule.module.db.internal.processor.AbstractDbMessageProcessor.process(AbstractDbMessageProcessor.java:104)
	at org.mule.execution.ExceptionToMessagingExceptionExecutionInterceptor.execute(ExceptionToMessagingExceptionExecutionInterceptor.java:27)
	at org.mule.execution.MessageProcessorNotificationExecutionInterceptor.execute(MessageProcessorNotificationExecutionInterceptor.java:108)
	at org.mule.execution.MessageProcessorExecutionTemplate.execute(MessageProcessorExecutionTemplate.java:44)
	at org.mule.processor.BlockingProcessorExecutor.executeNext(BlockingProcessorExecutor.java:98)
	at org.mule.processor.BlockingProcessorExecutor.execute(BlockingProcessorExecutor.java:59)
	at org.mule.interceptor.AbstractEnvelopeInterceptor.processBlocking(AbstractEnvelopeInterceptor.java:58)
	at org.mule.processor.AbstractRequestResponseMessageProcessor.process(AbstractRequestResponseMessageProcessor.java:47)
	at org.mule.processor.AsyncInterceptingMessageProcessor.processNextTimed(AsyncInterceptingMessageProcessor.java:129)
	at org.mule.processor.AsyncInterceptingMessageProcessor$AsyncMessageProcessorWorker$1.process(AsyncInterceptingMessageProcessor.java:213)
	at org.mule.processor.AsyncInterceptingMessageProcessor$AsyncMessageProcessorWorker$1.process(AsyncInterceptingMessageProcessor.java:206)
	at org.mule.execution.ExecuteCallbackInterceptor.execute(ExecuteCallbackInterceptor.java:16)
	at org.mule.execution.CommitTransactionInterceptor.execute(CommitTransactionInterceptor.java:35)
	at org.mule.execution.CommitTransactionInterceptor.execute(CommitTransactionInterceptor.java:22)
	at org.mule.execution.HandleExceptionInterceptor.execute(HandleExceptionInterceptor.java:30)
	at org.mule.execution.HandleExceptionInterceptor.execute(HandleExceptionInterceptor.java:14)
	at org.mule.execution.BeginAndResolveTransactionInterceptor.execute(BeginAndResolveTransactionInterceptor.java:67)
	at org.mule.execution.ResolvePreviousTransactionInterceptor.execute(ResolvePreviousTransactionInterceptor.java:44)
	at org.mule.execution.SuspendXaTransactionInterceptor.execute(SuspendXaTransactionInterceptor.java:50)
	at org.mule.execution.ValidateTransactionalStateInterceptor.execute(ValidateTransactionalStateInterceptor.java:40)
	at org.mule.execution.IsolateCurrentTransactionInterceptor.execute(IsolateCurrentTransactionInterceptor.java:41)
	at org.mule.execution.ExternalTransactionInterceptor.execute(ExternalTransactionInterceptor.java:48)
	at org.mule.execution.RethrowExceptionInterceptor.execute(RethrowExceptionInterceptor.java:28)
	at org.mule.execution.RethrowExceptionInterceptor.execute(RethrowExceptionInterceptor.java:13)
	at org.mule.execution.TransactionalErrorHandlingExecutionTemplate.execute(TransactionalErrorHandlingExecutionTemplate.java:110)
	at org.mule.execution.TransactionalErrorHandlingExecutionTemplate.execute(TransactionalErrorHandlingExecutionTemplate.java:30)
	at org.mule.processor.AsyncInterceptingMessageProcessor$AsyncMessageProcessorWorker.doRun(AsyncInterceptingMessageProcessor.java:205)
	at org.mule.work.AbstractMuleEventWork.run(AbstractMuleEventWork.java:53)
	at org.mule.work.WorkerContext.run(WorkerContext.java:301)
	at java.util.concurrent.ThreadPoolExecutor.runWorker(ThreadPoolExecutor.java:1142)
	at java.util.concurrent.ThreadPoolExecutor$Worker.run(ThreadPoolExecutor.java:617)
	at java.lang.Thread.run(Thread.java:745)

********************************************************************************

2018-01-23 16:47:38,015 [main] INFO  org.mule.module.launcher.application.DefaultMuleApplication - 
++++++++++++++++++++++++++++++++++++++++++++++++++++++++++++
+ Initializing app 'maven_jms_database'                    +
++++++++++++++++++++++++++++++++++++++++++++++++++++++++++++
2018-01-23 16:47:38,200 [main] INFO  org.mule.lifecycle.AbstractLifecycleManager - Initialising RegistryBroker
2018-01-23 16:47:38,284 [main] INFO  org.mule.module.extension.internal.manager.DefaultExtensionManager - Starting discovery of extensions
2018-01-23 16:47:38,364 [main] INFO  org.mule.module.extension.internal.manager.DefaultExtensionManager - Discovered 1 extensions
2018-01-23 16:47:38,364 [main] INFO  org.mule.module.extension.internal.manager.DefaultExtensionManager - Registering extension validation (version 3.8)
2018-01-23 16:47:38,407 [main] INFO  org.mule.config.spring.MuleArtifactContext - Refreshing org.mule.config.spring.MuleArtifactContext@3aa3193a: startup date [Tue Jan 23 16:47:38 IST 2018]; root of context hierarchy
2018-01-23 16:47:39,578 [main] INFO  org.mule.config.spring.processors.NoDevkitInjectorProcessor - JSR-330 'javax.inject.Inject' annotation found and supported for autowiring
2018-01-23 16:47:39,860 [main] WARN  org.mule.expression.DefaultExpressionManager - Expression string is not an expression.  Use isExpression(String) to validate first
2018-01-23 16:47:39,860 [main] WARN  org.mule.expression.DefaultExpressionManager - Expression string is not an expression.  Use isExpression(String) to validate first
2018-01-23 16:47:39,860 [main] WARN  org.mule.expression.DefaultExpressionManager - Expression string is not an expression.  Use isExpression(String) to validate first
2018-01-23 16:47:39,860 [main] WARN  org.mule.expression.DefaultExpressionManager - Expression string is not an expression.  Use isExpression(String) to validate first
2018-01-23 16:47:40,286 [main] WARN  org.mule.module.ognl.expression.OgnlExpressionEvaluator - OGNL module is deprecated and will be removed in Mule 4.0. Use MEL expressions instead.
2018-01-23 16:47:40,786 [main] INFO  org.mule.util.journal.TransactionJournal - Using files for tx logs C:\Users\EAI\AnypointStudio\workspace\.mule\.\.mule\maven_jms_database\queue-tx-log\tx1.log and C:\Users\EAI\AnypointStudio\workspace\.mule\.\.mule\maven_jms_database\queue-tx-log\tx2.log
2018-01-23 16:47:40,797 [main] INFO  org.mule.util.journal.TransactionJournal - Using files for tx logs C:\Users\EAI\AnypointStudio\workspace\.mule\.\.mule\maven_jms_database\queue-xa-tx-log\tx1.log and C:\Users\EAI\AnypointStudio\workspace\.mule\.\.mule\maven_jms_database\queue-xa-tx-log\tx2.log
2018-01-23 16:47:40,804 [main] INFO  org.mule.lifecycle.AbstractLifecycleManager - Initialising connector: Active_MQ
2018-01-23 16:47:40,840 [main] INFO  org.mule.lifecycle.AbstractLifecycleManager - Initialising connector: Active_MQ1
2018-01-23 16:47:40,852 [main] INFO  org.mule.lifecycle.AbstractLifecycleManager - Initialising connector: Active_MQ2
2018-01-23 16:47:41,134 [main] INFO  org.mule.lifecycle.AbstractLifecycleManager - Initialising model: _muleSystemModel
2018-01-23 16:47:41,137 [main] INFO  org.mule.construct.FlowConstructLifecycleManager - Initialising flow: maven_jms_databaseFlow
2018-01-23 16:47:41,137 [main] INFO  org.mule.exception.DefaultMessagingExceptionStrategy - Initialising exception listener: org.mule.exception.DefaultMessagingExceptionStrategy@377874b4
2018-01-23 16:47:41,162 [main] INFO  org.mule.processor.SedaStageLifecycleManager - Initialising service: maven_jms_databaseFlow.stage1
2018-01-23 16:47:41,172 [main] INFO  org.mule.construct.FlowConstructLifecycleManager - Initialising flow: maven_jms_databaseFlow1
2018-01-23 16:47:41,172 [main] INFO  org.mule.exception.DefaultMessagingExceptionStrategy - Initialising exception listener: org.mule.exception.DefaultMessagingExceptionStrategy@3d88e6b9
2018-01-23 16:47:41,175 [main] INFO  org.mule.processor.SedaStageLifecycleManager - Initialising service: maven_jms_databaseFlow1.stage1
2018-01-23 16:47:41,348 [main] INFO  org.mule.config.spring.SpringXmlConfigurationBuilder - Configured Mule using "org.mule.config.spring.SpringXmlConfigurationBuilder" with configuration resource(s): "[ConfigResource{resourceName='C:\Users\EAI\AnypointStudio\workspace\.mule\apps\maven_jms_database\maven_jms_database.xml'}]"
2018-01-23 16:47:41,348 [main] INFO  org.mule.config.builders.AutoConfigurationBuilder - Configured Mule using "org.mule.config.builders.AutoConfigurationBuilder" with configuration resource(s): "[ConfigResource{resourceName='C:\Users\EAI\AnypointStudio\workspace\.mule\apps\maven_jms_database\maven_jms_database.xml'}]"
2018-01-23 16:47:44,384 [main] INFO  org.mule.module.launcher.application.DefaultMuleApplication - 
++++++++++++++++++++++++++++++++++++++++++++++++++++++++++++
+ Starting app 'maven_jms_database'                        +
++++++++++++++++++++++++++++++++++++++++++++++++++++++++++++
2018-01-23 16:47:44,389 [main] INFO  org.mule.util.queue.QueueXaResourceManager - Starting ResourceManager
2018-01-23 16:47:44,389 [main] INFO  org.mule.util.queue.QueueXaResourceManager - Started ResourceManager
2018-01-23 16:47:44,449 [main] INFO  org.mule.module.http.internal.listener.DefaultHttpListenerConfig - Listening for requests on http://0.0.0.0:8081
2018-01-23 16:47:44,743 [main] INFO  org.mule.transport.jms.activemq.ActiveMQJmsConnector - Connected: ActiveMQJmsConnector
{
  name=Active_MQ
  lifecycle=initialise
  this=7b1e5e55
  numberOfConcurrentTransactedReceivers=4
  createMultipleTransactedReceivers=true
  connected=true
  supportedProtocols=[jms]
  serviceOverrides=<none>
}

2018-01-23 16:47:44,743 [main] INFO  org.mule.transport.jms.activemq.ActiveMQJmsConnector - Starting: ActiveMQJmsConnector
{
  name=Active_MQ
  lifecycle=initialise
  this=7b1e5e55
  numberOfConcurrentTransactedReceivers=4
  createMultipleTransactedReceivers=true
  connected=true
  supportedProtocols=[jms]
  serviceOverrides=<none>
}

2018-01-23 16:47:44,744 [main] INFO  org.mule.lifecycle.AbstractLifecycleManager - Starting connector: Active_MQ
2018-01-23 16:47:44,752 [main] INFO  org.mule.transport.jms.activemq.ActiveMQJmsConnector - Connected: ActiveMQJmsConnector
{
  name=Active_MQ1
  lifecycle=initialise
  this=32faa16c
  numberOfConcurrentTransactedReceivers=4
  createMultipleTransactedReceivers=true
  connected=true
  supportedProtocols=[jms]
  serviceOverrides=<none>
}

2018-01-23 16:47:44,752 [main] INFO  org.mule.transport.jms.activemq.ActiveMQJmsConnector - Starting: ActiveMQJmsConnector
{
  name=Active_MQ1
  lifecycle=initialise
  this=32faa16c
  numberOfConcurrentTransactedReceivers=4
  createMultipleTransactedReceivers=true
  connected=true
  supportedProtocols=[jms]
  serviceOverrides=<none>
}

2018-01-23 16:47:44,752 [main] INFO  org.mule.lifecycle.AbstractLifecycleManager - Starting connector: Active_MQ1
2018-01-23 16:47:44,761 [main] INFO  org.mule.transport.jms.activemq.ActiveMQJmsConnector - Connected: ActiveMQJmsConnector
{
  name=Active_MQ2
  lifecycle=initialise
  this=59edb4f5
  numberOfConcurrentTransactedReceivers=4
  createMultipleTransactedReceivers=true
  connected=true
  supportedProtocols=[jms]
  serviceOverrides=<none>
}

2018-01-23 16:47:44,761 [main] INFO  org.mule.transport.jms.activemq.ActiveMQJmsConnector - Starting: ActiveMQJmsConnector
{
  name=Active_MQ2
  lifecycle=initialise
  this=59edb4f5
  numberOfConcurrentTransactedReceivers=4
  createMultipleTransactedReceivers=true
  connected=true
  supportedProtocols=[jms]
  serviceOverrides=<none>
}

2018-01-23 16:47:44,761 [main] INFO  org.mule.lifecycle.AbstractLifecycleManager - Starting connector: Active_MQ2
2018-01-23 16:47:44,764 [main] INFO  org.mule.modules.oauth2.provider.agents.DefaultSplashScreenAgent - 
++++++++++++++++++++++++++++++++++++++++++++++++++++++++++++++++++++++++++++++++
+ DevKit Extensions (0) used in this application 
                             +
++++++++++++++++++++++++++++++++++++++++++++++++++++++++++++++++++++++++++++++++
2018-01-23 16:47:44,765 [main] INFO  org.mule.lifecycle.AbstractLifecycleManager - Starting model: _muleSystemModel
2018-01-23 16:47:44,766 [main] INFO  org.mule.construct.FlowConstructLifecycleManager - Starting flow: maven_jms_databaseFlow
2018-01-23 16:47:44,767 [main] INFO  org.mule.processor.SedaStageLifecycleManager - Starting service: maven_jms_databaseFlow.stage1
2018-01-23 16:47:44,772 [main] INFO  org.mule.transport.jms.activemq.ActiveMQJmsConnector - Registering listener: maven_jms_databaseFlow on endpointUri: jms://jojo_reply
2018-01-23 16:47:44,780 [main] INFO  org.mule.transport.service.DefaultTransportServiceDescriptor - Loading default inbound transformer: org.mule.transport.jms.transformers.JMSMessageToObject
2018-01-23 16:47:44,780 [main] INFO  org.mule.transport.service.DefaultTransportServiceDescriptor - Loading default response transformer: org.mule.transport.jms.transformers.ObjectToJMSMessage
2018-01-23 16:47:44,784 [main] INFO  org.mule.lifecycle.AbstractLifecycleManager - Initialising: 'null'. Object is: MultiConsumerJmsMessageReceiver
2018-01-23 16:47:44,785 [main] INFO  org.mule.transport.jms.MultiConsumerJmsMessageReceiver - Connecting clusterizable message receiver
2018-01-23 16:47:44,826 [main] INFO  org.mule.transport.jms.MultiConsumerJmsMessageReceiver - Endpoint jms://jojo_reply has been successfully reconnected.
2018-01-23 16:47:44,827 [main] INFO  org.mule.lifecycle.AbstractLifecycleManager - Starting: 'null'. Object is: MultiConsumerJmsMessageReceiver
2018-01-23 16:47:44,827 [main] INFO  org.mule.transport.jms.MultiConsumerJmsMessageReceiver - Starting clusterizable message receiver
2018-01-23 16:47:44,830 [main] INFO  org.mule.construct.FlowConstructLifecycleManager - Starting flow: maven_jms_databaseFlow1
2018-01-23 16:47:44,830 [main] INFO  org.mule.processor.SedaStageLifecycleManager - Starting service: maven_jms_databaseFlow1.stage1
2018-01-23 16:47:44,862 [main] INFO  org.mule.transport.jms.activemq.ActiveMQJmsConnector - Registering listener: maven_jms_databaseFlow1 on endpointUri: jms://jojo
2018-01-23 16:47:44,862 [main] INFO  org.mule.transport.service.DefaultTransportServiceDescriptor - Loading default inbound transformer: org.mule.transport.jms.transformers.JMSMessageToObject
2018-01-23 16:47:44,863 [main] INFO  org.mule.transport.service.DefaultTransportServiceDescriptor - Loading default response transformer: org.mule.transport.jms.transformers.ObjectToJMSMessage
2018-01-23 16:47:44,863 [main] INFO  org.mule.lifecycle.AbstractLifecycleManager - Initialising: 'null'. Object is: MultiConsumerJmsMessageReceiver
2018-01-23 16:47:44,864 [main] INFO  org.mule.transport.jms.MultiConsumerJmsMessageReceiver - Connecting clusterizable message receiver
2018-01-23 16:47:44,870 [main] INFO  org.mule.transport.jms.MultiConsumerJmsMessageReceiver - Endpoint jms://jojo has been successfully reconnected.
2018-01-23 16:47:44,870 [main] INFO  org.mule.lifecycle.AbstractLifecycleManager - Starting: 'null'. Object is: MultiConsumerJmsMessageReceiver
2018-01-23 16:47:44,870 [main] INFO  org.mule.transport.jms.MultiConsumerJmsMessageReceiver - Starting clusterizable message receiver
2018-01-23 16:47:44,876 [main] INFO  org.mule.module.management.agent.WrapperManagerAgent - This JVM hasn't been launched by the wrapper, the agent will not run.
2018-01-23 16:47:44,896 [main] INFO  org.mule.module.management.agent.AbstractJmxAgent - Attempting to register service with name: Mule.maven_jms_database:type=Endpoint,service="maven_jms_databaseFlow",connector=Active_MQ1,name="endpoint.jms.jojo.reply"
2018-01-23 16:47:44,898 [main] INFO  org.mule.module.management.agent.AbstractJmxAgent - Registered Endpoint Service with name: Mule.maven_jms_database:type=Endpoint,service="maven_jms_databaseFlow",connector=Active_MQ1,name="endpoint.jms.jojo.reply"
2018-01-23 16:47:44,899 [main] INFO  org.mule.module.management.agent.AbstractJmxAgent - Attempting to register service with name: Mule.maven_jms_database:type=Endpoint,service="maven_jms_databaseFlow1",connector=Active_MQ2,name="endpoint.jms.jojo"
2018-01-23 16:47:44,899 [main] INFO  org.mule.module.management.agent.AbstractJmxAgent - Registered Endpoint Service with name: Mule.maven_jms_database:type=Endpoint,service="maven_jms_databaseFlow1",connector=Active_MQ2,name="endpoint.jms.jojo"
2018-01-23 16:47:44,900 [main] INFO  org.mule.module.management.agent.AbstractJmxAgent - Registered Connector Service with name Mule.maven_jms_database:type=Connector,name="Active_MQ1"
2018-01-23 16:47:44,900 [main] INFO  org.mule.module.management.agent.AbstractJmxAgent - Registered Connector Service with name Mule.maven_jms_database:type=Connector,name="Active_MQ"
2018-01-23 16:47:44,900 [main] INFO  org.mule.module.management.agent.AbstractJmxAgent - Registered Connector Service with name Mule.maven_jms_database:type=Connector,name="Active_MQ2"
2018-01-23 16:47:44,903 [main] INFO  org.mule.DefaultMuleContext - 
**********************************************************************
* Application: maven_jms_database                                    *
* OS encoding: \, Mule encoding: UTF-8                               *
*                                                                    *
* Agents Running:                                                    *
*   JMX Agent                                                        *
*   Batch module default engine                                      *
*   DevKit Extension Information                                     *
*   Wrapper Manager                                                  *
**********************************************************************
2018-01-23 16:47:53,797 [[maven_jms_database].HTTP_Listener_Configuration.worker.01] INFO  org.mule.transport.service.DefaultTransportServiceDescriptor - Loading default outbound transformer: org.mule.transport.jms.transformers.ObjectToJMSMessage
2018-01-23 16:47:53,797 [[maven_jms_database].HTTP_Listener_Configuration.worker.01] INFO  org.mule.transport.service.DefaultTransportServiceDescriptor - Loading default response transformer: org.mule.transport.jms.transformers.ObjectToJMSMessage
2018-01-23 16:47:53,798 [[maven_jms_database].HTTP_Listener_Configuration.worker.01] WARN  com.mulesoft.mule.transport.jms.EeJmsMessageDispatcher - Starting patched JmsMessageReceiver
2018-01-23 16:47:53,798 [[maven_jms_database].HTTP_Listener_Configuration.worker.01] INFO  org.mule.lifecycle.AbstractLifecycleManager - Initialising: 'Active_MQ.dispatcher.1176624177'. Object is: EeJmsMessageDispatcher
2018-01-23 16:47:53,798 [[maven_jms_database].HTTP_Listener_Configuration.worker.01] INFO  org.mule.lifecycle.AbstractLifecycleManager - Starting: 'Active_MQ.dispatcher.1176624177'. Object is: EeJmsMessageDispatcher
2018-01-23 16:47:54,085 [[maven_jms_database].maven_jms_databaseFlow1.stage1.02] INFO  org.mule.transport.service.DefaultTransportServiceDescriptor - Loading default outbound transformer: org.mule.transport.jms.transformers.ObjectToJMSMessage
2018-01-23 16:47:54,115 [[maven_jms_database].maven_jms_databaseFlow1.stage1.02] ERROR org.mule.exception.DefaultMessagingExceptionStrategy - 
********************************************************************************
Message               : Invalid type passed to StreamMessage: CaseInsensitiveHashMap . Allowed types are: Boolean, Byte, Short, Character, Integer, Long, Float, Double,String and byte[] (javax.jms.MessageFormatException)
JMS Code              : null
Payload               : [{MONTHFROM=JANUARY, batch_Id=1, ENDDATE=JULY, MANAGERNAME=NAMAN}, {MONTHFROM=JANUARY, batch_Id=2, ENDDATE=MARCH, MANAGERNAME=SURAJ}]
Transformer           : ObjectToJMSMessage{this=3ae2e16a, name='ObjectToMessage#987947370', ignoreBadInput=false, returnClass=SimpleDataType{type=javax.jms.Message, mimeType='*/*', encoding='null'}, sourceTypes=[]}
Payload Type          : java.util.LinkedList
Element               : null @ maven_jms_database:null:null
Element XML           : <db:select config-ref="MySQL_Configuration" doc:name="Database">
                        <db:parameterized-query>select * from orchard;</db:parameterized-query>
                        </db:select>
--------------------------------------------------------------------------------
Root Exception stack trace:
javax.jms.MessageFormatException: Invalid type passed to StreamMessage: CaseInsensitiveHashMap . Allowed types are: Boolean, Byte, Short, Character, Integer, Long, Float, Double,String and byte[]
	at org.mule.transport.jms.JmsMessageUtils.listToMessage(JmsMessageUtils.java:207)
	at org.mule.transport.jms.JmsMessageUtils.toMessage(JmsMessageUtils.java:128)
	at org.mule.transport.jms.transformers.AbstractJmsTransformer.transformToMessage(AbstractJmsTransformer.java:65)
	at org.mule.transport.jms.transformers.ObjectToJMSMessage.transformMessage(ObjectToJMSMessage.java:54)
	at org.mule.transformer.AbstractMessageTransformer.transform(AbstractMessageTransformer.java:141)
	at org.mule.transformer.AbstractMessageTransformer.transform(AbstractMessageTransformer.java:89)
	at org.mule.DefaultMuleMessage.transformMessage(DefaultMuleMessage.java:1641)
	at org.mule.DefaultMuleMessage.applyAllTransformers(DefaultMuleMessage.java:1544)
	at org.mule.DefaultMuleMessage.applyTransformers(DefaultMuleMessage.java:1518)
	at org.mule.DefaultMuleMessage.applyTransformers(DefaultMuleMessage.java:1501)
	at org.mule.transport.jms.JmsReplyToHandler.processReplyTo(JmsReplyToHandler.java:90)
	at org.mule.routing.requestreply.AbstractReplyToPropertyRequestReplyReplier.processReplyTo(AbstractReplyToPropertyRequestReplyReplier.java:67)
	at org.mule.routing.requestreply.AbstractReplyToPropertyRequestReplyReplier.process(AbstractReplyToPropertyRequestReplyReplier.java:43)
	at org.mule.execution.ExceptionToMessagingExceptionExecutionInterceptor.execute(ExceptionToMessagingExceptionExecutionInterceptor.java:27)
	at org.mule.execution.MessageProcessorNotificationExecutionInterceptor.execute(MessageProcessorNotificationExecutionInterceptor.java:108)
	at org.mule.execution.MessageProcessorExecutionTemplate.execute(MessageProcessorExecutionTemplate.java:44)
	at org.mule.processor.BlockingProcessorExecutor.executeNext(BlockingProcessorExecutor.java:98)
	at org.mule.processor.BlockingProcessorExecutor.execute(BlockingProcessorExecutor.java:59)
	at org.mule.module.db.internal.processor.AbstractDbMessageProcessor.process(AbstractDbMessageProcessor.java:104)
	at org.mule.execution.ExceptionToMessagingExceptionExecutionInterceptor.execute(ExceptionToMessagingExceptionExecutionInterceptor.java:27)
	at org.mule.execution.MessageProcessorNotificationExecutionInterceptor.execute(MessageProcessorNotificationExecutionInterceptor.java:108)
	at org.mule.execution.MessageProcessorExecutionTemplate.execute(MessageProcessorExecutionTemplate.java:44)
	at org.mule.processor.BlockingProcessorExecutor.executeNext(BlockingProcessorExecutor.java:98)
	at org.mule.processor.BlockingProcessorExecutor.execute(BlockingProcessorExecutor.java:59)
	at org.mule.interceptor.AbstractEnvelopeInterceptor.processBlocking(AbstractEnvelopeInterceptor.java:58)
	at org.mule.processor.AbstractRequestResponseMessageProcessor.process(AbstractRequestResponseMessageProcessor.java:47)
	at org.mule.processor.AsyncInterceptingMessageProcessor.processNextTimed(AsyncInterceptingMessageProcessor.java:129)
	at org.mule.processor.AsyncInterceptingMessageProcessor$AsyncMessageProcessorWorker$1.process(AsyncInterceptingMessageProcessor.java:213)
	at org.mule.processor.AsyncInterceptingMessageProcessor$AsyncMessageProcessorWorker$1.process(AsyncInterceptingMessageProcessor.java:206)
	at org.mule.execution.ExecuteCallbackInterceptor.execute(ExecuteCallbackInterceptor.java:16)
	at org.mule.execution.CommitTransactionInterceptor.execute(CommitTransactionInterceptor.java:35)
	at org.mule.execution.CommitTransactionInterceptor.execute(CommitTransactionInterceptor.java:22)
	at org.mule.execution.HandleExceptionInterceptor.execute(HandleExceptionInterceptor.java:30)
	at org.mule.execution.HandleExceptionInterceptor.execute(HandleExceptionInterceptor.java:14)
	at org.mule.execution.BeginAndResolveTransactionInterceptor.execute(BeginAndResolveTransactionInterceptor.java:67)
	at org.mule.execution.ResolvePreviousTransactionInterceptor.execute(ResolvePreviousTransactionInterceptor.java:44)
	at org.mule.execution.SuspendXaTransactionInterceptor.execute(SuspendXaTransactionInterceptor.java:50)
	at org.mule.execution.ValidateTransactionalStateInterceptor.execute(ValidateTransactionalStateInterceptor.java:40)
	at org.mule.execution.IsolateCurrentTransactionInterceptor.execute(IsolateCurrentTransactionInterceptor.java:41)
	at org.mule.execution.ExternalTransactionInterceptor.execute(ExternalTransactionInterceptor.java:48)
	at org.mule.execution.RethrowExceptionInterceptor.execute(RethrowExceptionInterceptor.java:28)
	at org.mule.execution.RethrowExceptionInterceptor.execute(RethrowExceptionInterceptor.java:13)
	at org.mule.execution.TransactionalErrorHandlingExecutionTemplate.execute(TransactionalErrorHandlingExecutionTemplate.java:110)
	at org.mule.execution.TransactionalErrorHandlingExecutionTemplate.execute(TransactionalErrorHandlingExecutionTemplate.java:30)
	at org.mule.processor.AsyncInterceptingMessageProcessor$AsyncMessageProcessorWorker.doRun(AsyncInterceptingMessageProcessor.java:205)
	at org.mule.work.AbstractMuleEventWork.run(AbstractMuleEventWork.java:53)
	at org.mule.work.WorkerContext.run(WorkerContext.java:301)
	at java.util.concurrent.ThreadPoolExecutor.runWorker(ThreadPoolExecutor.java:1142)
	at java.util.concurrent.ThreadPoolExecutor$Worker.run(ThreadPoolExecutor.java:617)
	at java.lang.Thread.run(Thread.java:745)

********************************************************************************

